[INFO ] 2018-04-22 15:20:19,852 org.springframework.context.support.ClassPathXmlApplicationContext     - Refreshing org.springframework.context.support.ClassPathXmlApplicationContext@2a18f23c: startup date [Sun Apr 22 15:20:19 CST 2018]; root of context hierarchy
 [INFO ] 2018-04-22 15:20:19,939 org.springframework.beans.factory.xml.XmlBeanDefinitionReader     - Loading XML bean definitions from file [E:\eclipse\workplace\e3-cart\e3-cart-service\target\classes\spring\applicationContext-dao.xml]
 [INFO ] 2018-04-22 15:20:20,237 org.springframework.beans.factory.xml.XmlBeanDefinitionReader     - Loading XML bean definitions from file [E:\eclipse\workplace\e3-cart\e3-cart-service\target\classes\spring\applicationContext-redis.xml]
 [INFO ] 2018-04-22 15:20:20,285 org.springframework.beans.factory.xml.XmlBeanDefinitionReader     - Loading XML bean definitions from file [E:\eclipse\workplace\e3-cart\e3-cart-service\target\classes\spring\applicationContext-service.xml]
 [INFO ] 2018-04-22 15:20:20,459 com.alibaba.dubbo.common.logger.LoggerFactory     - using logger: com.alibaba.dubbo.common.logger.log4j.Log4jLoggerAdapter
 [INFO ] 2018-04-22 15:20:20,500 org.springframework.beans.factory.xml.XmlBeanDefinitionReader     - Loading XML bean definitions from file [E:\eclipse\workplace\e3-cart\e3-cart-service\target\classes\spring\applicationContext-trans.xml]
 [INFO ] 2018-04-22 15:20:20,810 org.springframework.context.support.PropertySourcesPlaceholderConfigurer     - Loading properties file from file [E:\eclipse\workplace\e3-cart\e3-cart-service\target\classes\conf\db.properties]
 [INFO ] 2018-04-22 15:20:20,811 org.springframework.context.support.PropertySourcesPlaceholderConfigurer     - Loading properties file from file [E:\eclipse\workplace\e3-cart\e3-cart-service\target\classes\conf\resource.properties]
 [WARN ] 2018-04-22 15:20:22,355 org.springframework.context.support.ClassPathXmlApplicationContext     - Exception encountered during context initialization - cancelling refresh attempt: org.springframework.beans.factory.BeanCreationException: Error creating bean with name 'cn.e3mall.cart.service.CartService': Cannot resolve reference to bean 'cartServiceImpl' while setting bean property 'ref'; nested exception is org.springframework.beans.factory.NoSuchBeanDefinitionException: No bean named 'cartServiceImpl' is defined
 [INFO ] 2018-04-22 15:20:22,480 com.alibaba.dubbo.config.AbstractConfig     -  [DUBBO] Run shutdown hook now., dubbo version: 2.5.3, current host: 127.0.0.1
 [INFO ] 2018-04-22 15:20:22,484 com.alibaba.dubbo.registry.support.AbstractRegistryFactory     -  [DUBBO] Close all registries [], dubbo version: 2.5.3, current host: 127.0.0.1
 [INFO ] 2018-04-22 15:23:08,492 org.springframework.context.support.ClassPathXmlApplicationContext     - Refreshing org.springframework.context.support.ClassPathXmlApplicationContext@2a18f23c: startup date [Sun Apr 22 15:23:08 CST 2018]; root of context hierarchy
 [INFO ] 2018-04-22 15:23:08,589 org.springframework.beans.factory.xml.XmlBeanDefinitionReader     - Loading XML bean definitions from file [E:\eclipse\workplace\e3-cart\e3-cart-service\target\classes\spring\applicationContext-dao.xml]
 [INFO ] 2018-04-22 15:23:08,875 org.springframework.beans.factory.xml.XmlBeanDefinitionReader     - Loading XML bean definitions from file [E:\eclipse\workplace\e3-cart\e3-cart-service\target\classes\spring\applicationContext-redis.xml]
 [INFO ] 2018-04-22 15:23:08,942 org.springframework.beans.factory.xml.XmlBeanDefinitionReader     - Loading XML bean definitions from file [E:\eclipse\workplace\e3-cart\e3-cart-service\target\classes\spring\applicationContext-service.xml]
 [INFO ] 2018-04-22 15:23:09,196 com.alibaba.dubbo.common.logger.LoggerFactory     - using logger: com.alibaba.dubbo.common.logger.log4j.Log4jLoggerAdapter
 [INFO ] 2018-04-22 15:23:09,252 org.springframework.beans.factory.xml.XmlBeanDefinitionReader     - Loading XML bean definitions from file [E:\eclipse\workplace\e3-cart\e3-cart-service\target\classes\spring\applicationContext-trans.xml]
 [INFO ] 2018-04-22 15:23:09,719 org.springframework.context.support.PropertySourcesPlaceholderConfigurer     - Loading properties file from file [E:\eclipse\workplace\e3-cart\e3-cart-service\target\classes\conf\db.properties]
 [INFO ] 2018-04-22 15:23:09,719 org.springframework.context.support.PropertySourcesPlaceholderConfigurer     - Loading properties file from file [E:\eclipse\workplace\e3-cart\e3-cart-service\target\classes\conf\resource.properties]
 [WARN ] 2018-04-22 15:23:11,395 org.springframework.context.support.ClassPathXmlApplicationContext     - Exception encountered during context initialization - cancelling refresh attempt: org.springframework.beans.factory.BeanCreationException: Error creating bean with name 'cn.e3mall.cart.service.CartService': Cannot resolve reference to bean 'cartService' while setting bean property 'ref'; nested exception is org.springframework.beans.factory.NoSuchBeanDefinitionException: No bean named 'cartService' is defined
 [INFO ] 2018-04-22 15:23:11,416 com.alibaba.dubbo.config.AbstractConfig     -  [DUBBO] Run shutdown hook now., dubbo version: 2.5.3, current host: 127.0.0.1
 [INFO ] 2018-04-22 15:23:11,420 com.alibaba.dubbo.registry.support.AbstractRegistryFactory     -  [DUBBO] Close all registries [], dubbo version: 2.5.3, current host: 127.0.0.1
 [INFO ] 2018-04-22 15:26:07,814 org.springframework.context.support.ClassPathXmlApplicationContext     - Refreshing org.springframework.context.support.ClassPathXmlApplicationContext@2a18f23c: startup date [Sun Apr 22 15:26:07 CST 2018]; root of context hierarchy
 [INFO ] 2018-04-22 15:26:07,901 org.springframework.beans.factory.xml.XmlBeanDefinitionReader     - Loading XML bean definitions from file [E:\eclipse\workplace\e3-cart\e3-cart-service\target\classes\spring\applicationContext-dao.xml]
 [INFO ] 2018-04-22 15:26:08,209 org.springframework.beans.factory.xml.XmlBeanDefinitionReader     - Loading XML bean definitions from file [E:\eclipse\workplace\e3-cart\e3-cart-service\target\classes\spring\applicationContext-redis.xml]
 [INFO ] 2018-04-22 15:26:08,247 org.springframework.beans.factory.xml.XmlBeanDefinitionReader     - Loading XML bean definitions from file [E:\eclipse\workplace\e3-cart\e3-cart-service\target\classes\spring\applicationContext-service.xml]
 [INFO ] 2018-04-22 15:26:08,475 com.alibaba.dubbo.common.logger.LoggerFactory     - using logger: com.alibaba.dubbo.common.logger.log4j.Log4jLoggerAdapter
 [INFO ] 2018-04-22 15:26:08,533 org.springframework.beans.factory.xml.XmlBeanDefinitionReader     - Loading XML bean definitions from file [E:\eclipse\workplace\e3-cart\e3-cart-service\target\classes\spring\applicationContext-trans.xml]
 [INFO ] 2018-04-22 15:26:08,928 org.springframework.context.support.PropertySourcesPlaceholderConfigurer     - Loading properties file from file [E:\eclipse\workplace\e3-cart\e3-cart-service\target\classes\conf\db.properties]
 [INFO ] 2018-04-22 15:26:08,929 org.springframework.context.support.PropertySourcesPlaceholderConfigurer     - Loading properties file from file [E:\eclipse\workplace\e3-cart\e3-cart-service\target\classes\conf\resource.properties]
 [WARN ] 2018-04-22 15:26:10,642 org.springframework.context.support.ClassPathXmlApplicationContext     - Exception encountered during context initialization - cancelling refresh attempt: org.springframework.beans.factory.BeanCreationException: Error creating bean with name 'cn.e3mall.cart.service.CartService': Cannot resolve reference to bean 'cartServiceImpl' while setting bean property 'ref'; nested exception is org.springframework.beans.factory.NoSuchBeanDefinitionException: No bean named 'cartServiceImpl' is defined
 [INFO ] 2018-04-22 15:26:10,678 com.alibaba.dubbo.config.AbstractConfig     -  [DUBBO] Run shutdown hook now., dubbo version: 2.5.3, current host: 127.0.0.1
 [INFO ] 2018-04-22 15:26:10,685 com.alibaba.dubbo.registry.support.AbstractRegistryFactory     -  [DUBBO] Close all registries [], dubbo version: 2.5.3, current host: 127.0.0.1
 [INFO ] 2018-04-22 15:30:49,847 org.springframework.context.support.ClassPathXmlApplicationContext     - Refreshing org.springframework.context.support.ClassPathXmlApplicationContext@2a18f23c: startup date [Sun Apr 22 15:30:49 CST 2018]; root of context hierarchy
 [INFO ] 2018-04-22 15:30:49,941 org.springframework.beans.factory.xml.XmlBeanDefinitionReader     - Loading XML bean definitions from file [E:\eclipse\workplace\e3-cart\e3-cart-service\target\classes\spring\applicationContext-dao.xml]
 [INFO ] 2018-04-22 15:30:50,275 org.springframework.beans.factory.xml.XmlBeanDefinitionReader     - Loading XML bean definitions from file [E:\eclipse\workplace\e3-cart\e3-cart-service\target\classes\spring\applicationContext-redis.xml]
 [INFO ] 2018-04-22 15:30:50,307 org.springframework.beans.factory.xml.XmlBeanDefinitionReader     - Loading XML bean definitions from file [E:\eclipse\workplace\e3-cart\e3-cart-service\target\classes\spring\applicationContext-service.xml]
 [INFO ] 2018-04-22 15:30:50,517 com.alibaba.dubbo.common.logger.LoggerFactory     - using logger: com.alibaba.dubbo.common.logger.log4j.Log4jLoggerAdapter
 [INFO ] 2018-04-22 15:30:50,560 org.springframework.beans.factory.xml.XmlBeanDefinitionReader     - Loading XML bean definitions from file [E:\eclipse\workplace\e3-cart\e3-cart-service\target\classes\spring\applicationContext-trans.xml]
 [INFO ] 2018-04-22 15:30:50,925 org.springframework.context.support.PropertySourcesPlaceholderConfigurer     - Loading properties file from file [E:\eclipse\workplace\e3-cart\e3-cart-service\target\classes\conf\db.properties]
 [INFO ] 2018-04-22 15:30:50,928 org.springframework.context.support.PropertySourcesPlaceholderConfigurer     - Loading properties file from file [E:\eclipse\workplace\e3-cart\e3-cart-service\target\classes\conf\resource.properties]
 [WARN ] 2018-04-22 15:30:52,886 org.springframework.context.support.ClassPathXmlApplicationContext     - Exception encountered during context initialization - cancelling refresh attempt: org.springframework.beans.factory.BeanCreationException: Error creating bean with name 'cn.e3mall.cart.service.CartService': Cannot resolve reference to bean 'cartServiceImpl' while setting bean property 'ref'; nested exception is org.springframework.beans.factory.NoSuchBeanDefinitionException: No bean named 'cartServiceImpl' is defined
 [INFO ] 2018-04-22 15:30:52,907 com.alibaba.dubbo.config.AbstractConfig     -  [DUBBO] Run shutdown hook now., dubbo version: 2.5.3, current host: 127.0.0.1
 [INFO ] 2018-04-22 15:30:52,908 com.alibaba.dubbo.registry.support.AbstractRegistryFactory     -  [DUBBO] Close all registries [], dubbo version: 2.5.3, current host: 127.0.0.1
 [INFO ] 2018-04-22 15:35:02,922 org.springframework.context.support.ClassPathXmlApplicationContext     - Refreshing org.springframework.context.support.ClassPathXmlApplicationContext@2a18f23c: startup date [Sun Apr 22 15:35:02 CST 2018]; root of context hierarchy
 [INFO ] 2018-04-22 15:35:03,077 org.springframework.beans.factory.xml.XmlBeanDefinitionReader     - Loading XML bean definitions from file [E:\eclipse\workplace\e3-cart\e3-cart-service\target\classes\spring\applicationContext-dao.xml]
 [INFO ] 2018-04-22 15:35:03,368 org.springframework.beans.factory.xml.XmlBeanDefinitionReader     - Loading XML bean definitions from file [E:\eclipse\workplace\e3-cart\e3-cart-service\target\classes\spring\applicationContext-redis.xml]
 [INFO ] 2018-04-22 15:35:03,407 org.springframework.beans.factory.xml.XmlBeanDefinitionReader     - Loading XML bean definitions from file [E:\eclipse\workplace\e3-cart\e3-cart-service\target\classes\spring\applicationContext-service.xml]
 [INFO ] 2018-04-22 15:35:03,650 com.alibaba.dubbo.common.logger.LoggerFactory     - using logger: com.alibaba.dubbo.common.logger.log4j.Log4jLoggerAdapter
 [INFO ] 2018-04-22 15:35:03,707 org.springframework.beans.factory.xml.XmlBeanDefinitionReader     - Loading XML bean definitions from file [E:\eclipse\workplace\e3-cart\e3-cart-service\target\classes\spring\applicationContext-trans.xml]
 [INFO ] 2018-04-22 15:35:04,058 org.springframework.context.support.PropertySourcesPlaceholderConfigurer     - Loading properties file from file [E:\eclipse\workplace\e3-cart\e3-cart-service\target\classes\conf\db.properties]
 [INFO ] 2018-04-22 15:35:04,058 org.springframework.context.support.PropertySourcesPlaceholderConfigurer     - Loading properties file from file [E:\eclipse\workplace\e3-cart\e3-cart-service\target\classes\conf\resource.properties]
 [WARN ] 2018-04-22 15:35:05,513 org.springframework.context.support.ClassPathXmlApplicationContext     - Exception encountered during context initialization - cancelling refresh attempt: org.springframework.beans.factory.BeanCreationException: Error creating bean with name 'cn.e3mall.cart.service.CartService': Cannot resolve reference to bean 'cartServiceImpl' while setting bean property 'ref'; nested exception is org.springframework.beans.factory.NoSuchBeanDefinitionException: No bean named 'cartServiceImpl' is defined
 [INFO ] 2018-04-22 15:35:05,539 com.alibaba.dubbo.config.AbstractConfig     -  [DUBBO] Run shutdown hook now., dubbo version: 2.5.3, current host: 127.0.0.1
 [INFO ] 2018-04-22 15:35:05,542 com.alibaba.dubbo.registry.support.AbstractRegistryFactory     -  [DUBBO] Close all registries [], dubbo version: 2.5.3, current host: 127.0.0.1
 [INFO ] 2018-04-22 15:35:33,519 org.springframework.context.support.ClassPathXmlApplicationContext     - Refreshing org.springframework.context.support.ClassPathXmlApplicationContext@2a18f23c: startup date [Sun Apr 22 15:35:33 CST 2018]; root of context hierarchy
 [INFO ] 2018-04-22 15:35:33,607 org.springframework.beans.factory.xml.XmlBeanDefinitionReader     - Loading XML bean definitions from file [E:\eclipse\workplace\e3-cart\e3-cart-service\target\classes\spring\applicationContext-dao.xml]
 [INFO ] 2018-04-22 15:35:33,889 org.springframework.beans.factory.xml.XmlBeanDefinitionReader     - Loading XML bean definitions from file [E:\eclipse\workplace\e3-cart\e3-cart-service\target\classes\spring\applicationContext-redis.xml]
 [INFO ] 2018-04-22 15:35:33,945 org.springframework.beans.factory.xml.XmlBeanDefinitionReader     - Loading XML bean definitions from file [E:\eclipse\workplace\e3-cart\e3-cart-service\target\classes\spring\applicationContext-service.xml]
 [INFO ] 2018-04-22 15:35:34,142 com.alibaba.dubbo.common.logger.LoggerFactory     - using logger: com.alibaba.dubbo.common.logger.log4j.Log4jLoggerAdapter
 [INFO ] 2018-04-22 15:35:34,177 org.springframework.beans.factory.xml.XmlBeanDefinitionReader     - Loading XML bean definitions from file [E:\eclipse\workplace\e3-cart\e3-cart-service\target\classes\spring\applicationContext-trans.xml]
 [INFO ] 2018-04-22 15:35:34,566 org.springframework.context.support.PropertySourcesPlaceholderConfigurer     - Loading properties file from file [E:\eclipse\workplace\e3-cart\e3-cart-service\target\classes\conf\db.properties]
 [INFO ] 2018-04-22 15:35:34,568 org.springframework.context.support.PropertySourcesPlaceholderConfigurer     - Loading properties file from file [E:\eclipse\workplace\e3-cart\e3-cart-service\target\classes\conf\resource.properties]
 [WARN ] 2018-04-22 15:35:36,012 org.springframework.context.support.ClassPathXmlApplicationContext     - Exception encountered during context initialization - cancelling refresh attempt: org.springframework.beans.factory.BeanCreationException: Error creating bean with name 'cn.e3mall.cart.service.CartService': Cannot resolve reference to bean 'cartServiceImpl' while setting bean property 'ref'; nested exception is org.springframework.beans.factory.NoSuchBeanDefinitionException: No bean named 'cartServiceImpl' is defined
 [INFO ] 2018-04-22 15:35:36,047 com.alibaba.dubbo.config.AbstractConfig     -  [DUBBO] Run shutdown hook now., dubbo version: 2.5.3, current host: 127.0.0.1
 [INFO ] 2018-04-22 15:35:36,055 com.alibaba.dubbo.registry.support.AbstractRegistryFactory     -  [DUBBO] Close all registries [], dubbo version: 2.5.3, current host: 127.0.0.1
 [INFO ] 2018-04-22 15:39:00,081 org.springframework.context.support.ClassPathXmlApplicationContext     - Refreshing org.springframework.context.support.ClassPathXmlApplicationContext@2a18f23c: startup date [Sun Apr 22 15:39:00 CST 2018]; root of context hierarchy
 [INFO ] 2018-04-22 15:39:00,166 org.springframework.beans.factory.xml.XmlBeanDefinitionReader     - Loading XML bean definitions from file [E:\eclipse\workplace\e3-cart\e3-cart-service\target\classes\spring\applicationContext-dao.xml]
 [INFO ] 2018-04-22 15:39:00,520 org.springframework.beans.factory.xml.XmlBeanDefinitionReader     - Loading XML bean definitions from file [E:\eclipse\workplace\e3-cart\e3-cart-service\target\classes\spring\applicationContext-redis.xml]
 [INFO ] 2018-04-22 15:39:00,555 org.springframework.beans.factory.xml.XmlBeanDefinitionReader     - Loading XML bean definitions from file [E:\eclipse\workplace\e3-cart\e3-cart-service\target\classes\spring\applicationContext-service.xml]
 [INFO ] 2018-04-22 15:39:00,772 com.alibaba.dubbo.common.logger.LoggerFactory     - using logger: com.alibaba.dubbo.common.logger.log4j.Log4jLoggerAdapter
 [INFO ] 2018-04-22 15:39:00,823 org.springframework.beans.factory.xml.XmlBeanDefinitionReader     - Loading XML bean definitions from file [E:\eclipse\workplace\e3-cart\e3-cart-service\target\classes\spring\applicationContext-trans.xml]
 [INFO ] 2018-04-22 15:39:01,144 org.springframework.context.support.PropertySourcesPlaceholderConfigurer     - Loading properties file from file [E:\eclipse\workplace\e3-cart\e3-cart-service\target\classes\conf\db.properties]
 [INFO ] 2018-04-22 15:39:01,144 org.springframework.context.support.PropertySourcesPlaceholderConfigurer     - Loading properties file from file [E:\eclipse\workplace\e3-cart\e3-cart-service\target\classes\conf\resource.properties]
 [WARN ] 2018-04-22 15:39:02,566 org.springframework.context.support.ClassPathXmlApplicationContext     - Exception encountered during context initialization - cancelling refresh attempt: org.springframework.beans.factory.BeanCreationException: Error creating bean with name 'cn.e3mall.cart.service.CartService': Cannot resolve reference to bean 'cartServiceImpl' while setting bean property 'ref'; nested exception is org.springframework.beans.factory.NoSuchBeanDefinitionException: No bean named 'cartServiceImpl' is defined
 [INFO ] 2018-04-22 15:39:02,605 com.alibaba.dubbo.config.AbstractConfig     -  [DUBBO] Run shutdown hook now., dubbo version: 2.5.3, current host: 127.0.0.1
 [INFO ] 2018-04-22 15:39:02,609 com.alibaba.dubbo.registry.support.AbstractRegistryFactory     -  [DUBBO] Close all registries [], dubbo version: 2.5.3, current host: 127.0.0.1
 [INFO ] 2018-04-22 15:42:29,106 org.springframework.context.support.ClassPathXmlApplicationContext     - Refreshing org.springframework.context.support.ClassPathXmlApplicationContext@2a18f23c: startup date [Sun Apr 22 15:42:29 CST 2018]; root of context hierarchy
 [INFO ] 2018-04-22 15:42:29,239 org.springframework.beans.factory.xml.XmlBeanDefinitionReader     - Loading XML bean definitions from file [E:\eclipse\workplace\e3-cart\e3-cart-service\target\classes\spring\applicationContext-dao.xml]
 [INFO ] 2018-04-22 15:42:29,568 org.springframework.beans.factory.xml.XmlBeanDefinitionReader     - Loading XML bean definitions from file [E:\eclipse\workplace\e3-cart\e3-cart-service\target\classes\spring\applicationContext-redis.xml]
 [INFO ] 2018-04-22 15:42:29,603 org.springframework.beans.factory.xml.XmlBeanDefinitionReader     - Loading XML bean definitions from file [E:\eclipse\workplace\e3-cart\e3-cart-service\target\classes\spring\applicationContext-service.xml]
 [INFO ] 2018-04-22 15:42:29,803 com.alibaba.dubbo.common.logger.LoggerFactory     - using logger: com.alibaba.dubbo.common.logger.log4j.Log4jLoggerAdapter
 [INFO ] 2018-04-22 15:42:29,853 org.springframework.beans.factory.xml.XmlBeanDefinitionReader     - Loading XML bean definitions from file [E:\eclipse\workplace\e3-cart\e3-cart-service\target\classes\spring\applicationContext-trans.xml]
 [INFO ] 2018-04-22 15:42:30,175 org.springframework.context.support.PropertySourcesPlaceholderConfigurer     - Loading properties file from file [E:\eclipse\workplace\e3-cart\e3-cart-service\target\classes\conf\db.properties]
 [INFO ] 2018-04-22 15:42:30,177 org.springframework.context.support.PropertySourcesPlaceholderConfigurer     - Loading properties file from file [E:\eclipse\workplace\e3-cart\e3-cart-service\target\classes\conf\resource.properties]
 [WARN ] 2018-04-22 15:42:31,715 org.springframework.context.support.ClassPathXmlApplicationContext     - Exception encountered during context initialization - cancelling refresh attempt: org.springframework.beans.factory.BeanCreationException: Error creating bean with name 'cn.e3mall.cart.service.CartService': Cannot resolve reference to bean 'cartServiceImpl' while setting bean property 'ref'; nested exception is org.springframework.beans.factory.NoSuchBeanDefinitionException: No bean named 'cartServiceImpl' is defined
 [INFO ] 2018-04-22 15:42:31,759 com.alibaba.dubbo.config.AbstractConfig     -  [DUBBO] Run shutdown hook now., dubbo version: 2.5.3, current host: 127.0.0.1
 [INFO ] 2018-04-22 15:42:31,761 com.alibaba.dubbo.registry.support.AbstractRegistryFactory     -  [DUBBO] Close all registries [], dubbo version: 2.5.3, current host: 127.0.0.1
 [INFO ] 2018-04-22 15:49:31,118 org.springframework.context.support.ClassPathXmlApplicationContext     - Refreshing org.springframework.context.support.ClassPathXmlApplicationContext@2a18f23c: startup date [Sun Apr 22 15:49:31 CST 2018]; root of context hierarchy
 [INFO ] 2018-04-22 15:49:31,212 org.springframework.beans.factory.xml.XmlBeanDefinitionReader     - Loading XML bean definitions from file [E:\eclipse\workplace\e3-cart\e3-cart-service\target\classes\spring\applicationContext-dao.xml]
 [INFO ] 2018-04-22 15:49:31,446 org.springframework.beans.factory.xml.XmlBeanDefinitionReader     - Loading XML bean definitions from file [E:\eclipse\workplace\e3-cart\e3-cart-service\target\classes\spring\applicationContext-redis.xml]
 [INFO ] 2018-04-22 15:49:31,500 org.springframework.beans.factory.xml.XmlBeanDefinitionReader     - Loading XML bean definitions from file [E:\eclipse\workplace\e3-cart\e3-cart-service\target\classes\spring\applicationContext-service.xml]
 [INFO ] 2018-04-22 15:49:31,732 com.alibaba.dubbo.common.logger.LoggerFactory     - using logger: com.alibaba.dubbo.common.logger.log4j.Log4jLoggerAdapter
 [INFO ] 2018-04-22 15:49:31,818 org.springframework.beans.factory.xml.XmlBeanDefinitionReader     - Loading XML bean definitions from file [E:\eclipse\workplace\e3-cart\e3-cart-service\target\classes\spring\applicationContext-trans.xml]
 [INFO ] 2018-04-22 15:49:32,172 org.springframework.context.support.PropertySourcesPlaceholderConfigurer     - Loading properties file from file [E:\eclipse\workplace\e3-cart\e3-cart-service\target\classes\conf\db.properties]
 [INFO ] 2018-04-22 15:49:32,173 org.springframework.context.support.PropertySourcesPlaceholderConfigurer     - Loading properties file from file [E:\eclipse\workplace\e3-cart\e3-cart-service\target\classes\conf\resource.properties]
 [WARN ] 2018-04-22 15:49:33,654 org.springframework.context.support.ClassPathXmlApplicationContext     - Exception encountered during context initialization - cancelling refresh attempt: org.springframework.beans.factory.BeanCreationException: Error creating bean with name 'cn.e3mall.cart.service.CartService': Cannot resolve reference to bean 'cartService' while setting bean property 'ref'; nested exception is org.springframework.beans.factory.NoSuchBeanDefinitionException: No bean named 'cartService' is defined
 [INFO ] 2018-04-22 15:49:33,718 com.alibaba.dubbo.config.AbstractConfig     -  [DUBBO] Run shutdown hook now., dubbo version: 2.5.3, current host: 127.0.0.1
 [INFO ] 2018-04-22 15:49:33,721 com.alibaba.dubbo.registry.support.AbstractRegistryFactory     -  [DUBBO] Close all registries [], dubbo version: 2.5.3, current host: 127.0.0.1
 [INFO ] 2018-04-22 15:51:42,033 org.springframework.context.support.ClassPathXmlApplicationContext     - Refreshing org.springframework.context.support.ClassPathXmlApplicationContext@2a18f23c: startup date [Sun Apr 22 15:51:42 CST 2018]; root of context hierarchy
 [INFO ] 2018-04-22 15:51:42,124 org.springframework.beans.factory.xml.XmlBeanDefinitionReader     - Loading XML bean definitions from file [E:\eclipse\workplace\e3-cart\e3-cart-service\target\classes\spring\applicationContext-dao.xml]
 [INFO ] 2018-04-22 15:51:42,403 org.springframework.beans.factory.xml.XmlBeanDefinitionReader     - Loading XML bean definitions from file [E:\eclipse\workplace\e3-cart\e3-cart-service\target\classes\spring\applicationContext-redis.xml]
 [INFO ] 2018-04-22 15:51:42,431 org.springframework.beans.factory.xml.XmlBeanDefinitionReader     - Loading XML bean definitions from file [E:\eclipse\workplace\e3-cart\e3-cart-service\target\classes\spring\applicationContext-service.xml]
 [INFO ] 2018-04-22 15:51:42,646 com.alibaba.dubbo.common.logger.LoggerFactory     - using logger: com.alibaba.dubbo.common.logger.log4j.Log4jLoggerAdapter
 [INFO ] 2018-04-22 15:51:42,694 org.springframework.beans.factory.xml.XmlBeanDefinitionReader     - Loading XML bean definitions from file [E:\eclipse\workplace\e3-cart\e3-cart-service\target\classes\spring\applicationContext-trans.xml]
 [INFO ] 2018-04-22 15:51:43,034 org.springframework.context.support.PropertySourcesPlaceholderConfigurer     - Loading properties file from file [E:\eclipse\workplace\e3-cart\e3-cart-service\target\classes\conf\db.properties]
 [INFO ] 2018-04-22 15:51:43,036 org.springframework.context.support.PropertySourcesPlaceholderConfigurer     - Loading properties file from file [E:\eclipse\workplace\e3-cart\e3-cart-service\target\classes\conf\resource.properties]
 [WARN ] 2018-04-22 15:51:44,465 org.springframework.context.support.ClassPathXmlApplicationContext     - Exception encountered during context initialization - cancelling refresh attempt: org.springframework.beans.factory.BeanCreationException: Error creating bean with name 'cn.e3mall.cart.service.CartService': Cannot resolve reference to bean 'cartService' while setting bean property 'ref'; nested exception is org.springframework.beans.factory.NoSuchBeanDefinitionException: No bean named 'cartService' is defined
 [INFO ] 2018-04-22 15:51:44,488 com.alibaba.dubbo.config.AbstractConfig     -  [DUBBO] Run shutdown hook now., dubbo version: 2.5.3, current host: 127.0.0.1
 [INFO ] 2018-04-22 15:51:44,494 com.alibaba.dubbo.registry.support.AbstractRegistryFactory     -  [DUBBO] Close all registries [], dubbo version: 2.5.3, current host: 127.0.0.1
 [INFO ] 2018-04-22 15:55:37,474 org.springframework.context.support.ClassPathXmlApplicationContext     - Refreshing org.springframework.context.support.ClassPathXmlApplicationContext@2a18f23c: startup date [Sun Apr 22 15:55:37 CST 2018]; root of context hierarchy
 [INFO ] 2018-04-22 15:55:37,566 org.springframework.beans.factory.xml.XmlBeanDefinitionReader     - Loading XML bean definitions from file [E:\eclipse\workplace\e3-cart\e3-cart-service\target\classes\spring\applicationContext-dao.xml]
 [INFO ] 2018-04-22 15:55:37,856 org.springframework.beans.factory.xml.XmlBeanDefinitionReader     - Loading XML bean definitions from file [E:\eclipse\workplace\e3-cart\e3-cart-service\target\classes\spring\applicationContext-redis.xml]
 [INFO ] 2018-04-22 15:55:37,899 org.springframework.beans.factory.xml.XmlBeanDefinitionReader     - Loading XML bean definitions from file [E:\eclipse\workplace\e3-cart\e3-cart-service\target\classes\spring\applicationContext-service.xml]
 [INFO ] 2018-04-22 15:55:38,143 com.alibaba.dubbo.common.logger.LoggerFactory     - using logger: com.alibaba.dubbo.common.logger.log4j.Log4jLoggerAdapter
 [INFO ] 2018-04-22 15:55:38,244 org.springframework.beans.factory.xml.XmlBeanDefinitionReader     - Loading XML bean definitions from file [E:\eclipse\workplace\e3-cart\e3-cart-service\target\classes\spring\applicationContext-trans.xml]
 [INFO ] 2018-04-22 15:55:38,571 org.springframework.context.support.PropertySourcesPlaceholderConfigurer     - Loading properties file from file [E:\eclipse\workplace\e3-cart\e3-cart-service\target\classes\conf\db.properties]
 [INFO ] 2018-04-22 15:55:38,571 org.springframework.context.support.PropertySourcesPlaceholderConfigurer     - Loading properties file from file [E:\eclipse\workplace\e3-cart\e3-cart-service\target\classes\conf\resource.properties]
 [WARN ] 2018-04-22 15:55:40,104 org.springframework.context.support.ClassPathXmlApplicationContext     - Exception encountered during context initialization - cancelling refresh attempt: org.springframework.beans.factory.BeanCreationException: Error creating bean with name 'cn.e3mall.cart.service.CartService': Cannot resolve reference to bean 'cartService' while setting bean property 'ref'; nested exception is org.springframework.beans.factory.NoSuchBeanDefinitionException: No bean named 'cartService' is defined
 [INFO ] 2018-04-22 15:55:40,157 com.alibaba.dubbo.config.AbstractConfig     -  [DUBBO] Run shutdown hook now., dubbo version: 2.5.3, current host: 127.0.0.1
 [INFO ] 2018-04-22 15:55:40,162 com.alibaba.dubbo.registry.support.AbstractRegistryFactory     -  [DUBBO] Close all registries [], dubbo version: 2.5.3, current host: 127.0.0.1
 [INFO ] 2018-04-22 15:58:41,763 org.springframework.context.support.ClassPathXmlApplicationContext     - Refreshing org.springframework.context.support.ClassPathXmlApplicationContext@2a18f23c: startup date [Sun Apr 22 15:58:41 CST 2018]; root of context hierarchy
 [INFO ] 2018-04-22 15:58:41,853 org.springframework.beans.factory.xml.XmlBeanDefinitionReader     - Loading XML bean definitions from file [E:\eclipse\workplace\e3-cart\e3-cart-service\target\classes\spring\applicationContext-dao.xml]
 [INFO ] 2018-04-22 15:58:42,181 org.springframework.beans.factory.xml.XmlBeanDefinitionReader     - Loading XML bean definitions from file [E:\eclipse\workplace\e3-cart\e3-cart-service\target\classes\spring\applicationContext-redis.xml]
 [INFO ] 2018-04-22 15:58:42,211 org.springframework.beans.factory.xml.XmlBeanDefinitionReader     - Loading XML bean definitions from file [E:\eclipse\workplace\e3-cart\e3-cart-service\target\classes\spring\applicationContext-service.xml]
 [INFO ] 2018-04-22 15:58:42,414 com.alibaba.dubbo.common.logger.LoggerFactory     - using logger: com.alibaba.dubbo.common.logger.log4j.Log4jLoggerAdapter
 [INFO ] 2018-04-22 15:58:42,466 org.springframework.beans.factory.xml.XmlBeanDefinitionReader     - Loading XML bean definitions from file [E:\eclipse\workplace\e3-cart\e3-cart-service\target\classes\spring\applicationContext-trans.xml]
 [INFO ] 2018-04-22 15:58:42,834 org.springframework.context.support.PropertySourcesPlaceholderConfigurer     - Loading properties file from file [E:\eclipse\workplace\e3-cart\e3-cart-service\target\classes\conf\db.properties]
 [INFO ] 2018-04-22 15:58:42,835 org.springframework.context.support.PropertySourcesPlaceholderConfigurer     - Loading properties file from file [E:\eclipse\workplace\e3-cart\e3-cart-service\target\classes\conf\resource.properties]
 [WARN ] 2018-04-22 15:58:45,363 org.springframework.context.support.ClassPathXmlApplicationContext     - Exception encountered during context initialization - cancelling refresh attempt: org.springframework.beans.factory.BeanCreationException: Error creating bean with name 'cn.e3mall.cart.service.CartService': Cannot resolve reference to bean 'cartService' while setting bean property 'ref'; nested exception is org.springframework.beans.factory.NoSuchBeanDefinitionException: No bean named 'cartService' is defined
 [INFO ] 2018-04-22 15:58:45,387 com.alibaba.dubbo.config.AbstractConfig     -  [DUBBO] Run shutdown hook now., dubbo version: 2.5.3, current host: 127.0.0.1
 [INFO ] 2018-04-22 15:58:45,388 com.alibaba.dubbo.registry.support.AbstractRegistryFactory     -  [DUBBO] Close all registries [], dubbo version: 2.5.3, current host: 127.0.0.1
 